# JRE version: OpenJDK Runtime Environment (14.0.2+12) (build 14.0.2+12-46)
# Java VM: OpenJDK 64-Bit Server VM (14.0.2+12-46, mixed mode, sharing, tiered, compressed oops, g1 gc, windows-amd64)
Heap:
 garbage-first heap   total 276480K, used 193159K [0x0000000080000000, 0x0000000100000000)
  region size 1024K, 40 young (40960K), 7 survivors (7168K)
 Metaspace       used 89547K, capacity 92155K, committed 92288K, reserved 1128448K
  class space    used 11481K, capacity 12331K, committed 12416K, reserved 1048576K
GC Heap History (20 events):
Event: 10.467 GC heap before
{Heap before GC invocations=20 (full 0):
 garbage-first heap   total 186368K, used 141698K [0x0000000080000000, 0x0000000100000000)
  region size 1024K, 38 young (38912K), 5 survivors (5120K)
 Metaspace       used 69461K, capacity 71618K, committed 71808K, reserved 1112064K
  class space    used 9363K, capacity 10083K, committed 10112K, reserved 1048576K
}
Event: 10.471 GC heap after
{Heap after GC invocations=21 (full 0):
 garbage-first heap   total 186368K, used 110627K [0x0000000080000000, 0x0000000100000000)
  region size 1024K, 4 young (4096K), 4 survivors (4096K)
 Metaspace       used 69461K, capacity 71618K, committed 71808K, reserved 1112064K
  class space    used 9363K, capacity 10083K, committed 10112K, reserved 1048576K
}
Event: 10.890 GC heap before
{Heap before GC invocations=21 (full 0):
 garbage-first heap   total 186368K, used 147491K [0x0000000080000000, 0x0000000100000000)
  region size 1024K, 40 young (40960K), 4 survivors (4096K)
 Metaspace       used 71563K, capacity 73789K, committed 73984K, reserved 1112064K
  class space    used 9654K, capacity 10378K, committed 10496K, reserved 1048576K
}
Event: 10.894 GC heap after
{Heap after GC invocations=22 (full 0):
 garbage-first heap   total 186368K, used 112600K [0x0000000080000000, 0x0000000100000000)
  region size 1024K, 4 young (4096K), 4 survivors (4096K)
 Metaspace       used 71563K, capacity 73789K, committed 73984K, reserved 1112064K
  class space    used 9654K, capacity 10378K, committed 10496K, reserved 1048576K
}
Event: 11.353 GC heap before
{Heap before GC invocations=23 (full 0):
 garbage-first heap   total 198656K, used 148440K [0x0000000080000000, 0x0000000100000000)
  region size 1024K, 40 young (40960K), 4 survivors (4096K)
 Metaspace       used 74233K, capacity 76486K, committed 76800K, reserved 1116160K
  class space    used 9940K, capacity 10683K, committed 10752K, reserved 1048576K
}
Event: 11.357 GC heap after
{Heap after GC invocations=24 (full 0):
 garbage-first heap   total 198656K, used 115312K [0x0000000080000000, 0x0000000100000000)
  region size 1024K, 5 young (5120K), 5 survivors (5120K)
 Metaspace       used 74233K, capacity 76486K, committed 76800K, reserved 1116160K
  class space    used 9940K, capacity 10683K, committed 10752K, reserved 1048576K
}
Event: 11.681 GC heap before
{Heap before GC invocations=24 (full 0):
 garbage-first heap   total 198656K, used 159344K [0x0000000080000000, 0x0000000100000000)
  region size 1024K, 49 young (50176K), 5 survivors (5120K)
 Metaspace       used 77310K, capacity 79495K, committed 79744K, reserved 1118208K
  class space    used 10360K, capacity 11104K, committed 11136K, reserved 1048576K
}
Event: 11.688 GC heap after
{Heap after GC invocations=25 (full 0):
 garbage-first heap   total 198656K, used 119102K [0x0000000080000000, 0x0000000100000000)
  region size 1024K, 7 young (7168K), 7 survivors (7168K)
 Metaspace       used 77310K, capacity 79495K, committed 79744K, reserved 1118208K
  class space    used 10360K, capacity 11104K, committed 11136K, reserved 1048576K
}
Event: 221.635 GC heap before
{Heap before GC invocations=26 (full 0):
 garbage-first heap   total 206848K, used 160062K [0x0000000080000000, 0x0000000100000000)
  region size 1024K, 48 young (49152K), 7 survivors (7168K)
 Metaspace       used 81702K, capacity 84055K, committed 84352K, reserved 1122304K
  class space    used 10648K, capacity 11423K, committed 11648K, reserved 1048576K
}
Event: 221.641 GC heap after
{Heap after GC invocations=27 (full 0):
 garbage-first heap   total 206848K, used 122169K [0x0000000080000000, 0x0000000100000000)
  region size 1024K, 4 young (4096K), 4 survivors (4096K)
 Metaspace       used 81702K, capacity 84055K, committed 84352K, reserved 1122304K
  class space    used 10648K, capacity 11423K, committed 11648K, reserved 1048576K
}
Event: 222.136 GC heap before
{Heap before GC invocations=27 (full 0):
 garbage-first heap   total 206848K, used 169273K [0x0000000080000000, 0x0000000100000000)
  region size 1024K, 50 young (51200K), 4 survivors (4096K)
 Metaspace       used 82812K, capacity 85137K, committed 85376K, reserved 1122304K
  class space    used 10783K, capacity 11541K, committed 11648K, reserved 1048576K
}
Event: 222.143 GC heap after
{Heap after GC invocations=28 (full 0):
 garbage-first heap   total 206848K, used 128881K [0x0000000080000000, 0x0000000100000000)
  region size 1024K, 7 young (7168K), 7 survivors (7168K)
 Metaspace       used 82812K, capacity 85137K, committed 85376K, reserved 1122304K
  class space    used 10783K, capacity 11541K, committed 11648K, reserved 1048576K
}
Event: 222.773 GC heap before
{Heap before GC invocations=29 (full 0):
 garbage-first heap   total 227328K, used 166769K [0x0000000080000000, 0x0000000100000000)
  region size 1024K, 45 young (46080K), 7 survivors (7168K)
 Metaspace       used 83337K, capacity 85714K, committed 86016K, reserved 1124352K
  class space    used 10849K, capacity 11658K, committed 11776K, reserved 1048576K
}
Event: 222.780 GC heap after
{Heap after GC invocations=30 (full 0):
 garbage-first heap   total 227328K, used 132464K [0x0000000080000000, 0x0000000100000000)
  region size 1024K, 4 young (4096K), 4 survivors (4096K)
 Metaspace       used 83337K, capacity 85714K, committed 86016K, reserved 1124352K
  class space    used 10849K, capacity 11658K, committed 11776K, reserved 1048576K
}
Event: 223.956 GC heap before
{Heap before GC invocations=30 (full 0):
 garbage-first heap   total 227328K, used 183664K [0x0000000080000000, 0x0000000100000000)
  region size 1024K, 55 young (56320K), 4 survivors (4096K)
 Metaspace       used 85009K, capacity 87476K, committed 87680K, reserved 1124352K
  class space    used 11064K, capacity 11883K, committed 11904K, reserved 1048576K
}
Event: 223.961 GC heap after
{Heap after GC invocations=31 (full 0):
 garbage-first heap   total 227328K, used 135193K [0x0000000080000000, 0x0000000100000000)
  region size 1024K, 6 young (6144K), 6 survivors (6144K)
 Metaspace       used 85009K, capacity 87476K, committed 87680K, reserved 1124352K
  class space    used 11064K, capacity 11883K, committed 11904K, reserved 1048576K
}
Event: 224.489 GC heap before
{Heap before GC invocations=32 (full 0):
 garbage-first heap   total 232448K, used 184345K [0x0000000080000000, 0x0000000100000000)
  region size 1024K, 56 young (57344K), 6 survivors (6144K)
 Metaspace       used 86095K, capacity 88643K, committed 88832K, reserved 1126400K
  class space    used 11141K, capacity 11972K, committed 12032K, reserved 1048576K
}
Event: 224.499 GC heap after
{Heap after GC invocations=33 (full 0):
 garbage-first heap   total 232448K, used 146031K [0x0000000080000000, 0x0000000100000000)
  region size 1024K, 8 young (8192K), 8 survivors (8192K)
 Metaspace       used 86095K, capacity 88643K, committed 88832K, reserved 1126400K
  class space    used 11141K, capacity 11972K, committed 12032K, reserved 1048576K
}
Event: 224.926 GC heap before
{Heap before GC invocations=34 (full 0):
 garbage-first heap   total 258048K, used 175727K [0x0000000080000000, 0x0000000100000000)
  region size 1024K, 35 young (35840K), 8 survivors (8192K)
 Metaspace       used 88471K, capacity 91007K, committed 91136K, reserved 1128448K
  class space    used 11376K, capacity 12205K, committed 12288K, reserved 1048576K
}
Event: 224.935 GC heap after
{Heap after GC invocations=35 (full 0):
 garbage-first heap   total 258048K, used 153223K [0x0000000080000000, 0x0000000100000000)
  region size 1024K, 7 young (7168K), 7 survivors (7168K)
 Metaspace       used 88471K, capacity 91007K, committed 91136K, reserved 1128448K
  class space    used 11376K, capacity 12205K, committed 12288K, reserved 1048576K
}

