# JRE version: OpenJDK Runtime Environment (14.0.2+12) (build 14.0.2+12-46)
# Java VM: OpenJDK 64-Bit Server VM (14.0.2+12-46, mixed mode, sharing, tiered, compressed oops, g1 gc, windows-amd64)
Heap:
 garbage-first heap   total 186368K, used 142252K [0x0000000080000000, 0x0000000100000000)
  region size 1024K, 36 young (36864K), 2 survivors (2048K)
 Metaspace       used 68264K, capacity 70145K, committed 70476K, reserved 1110016K
  class space    used 9120K, capacity 9736K, committed 9856K, reserved 1048576K
GC Heap History (20 events):
Event: 2.206 GC heap before
{Heap before GC invocations=2 (full 0):
 garbage-first heap   total 262144K, used 151763K [0x0000000080000000, 0x0000000100000000)
  region size 1024K, 119 young (121856K), 4 survivors (4096K)
 Metaspace       used 20399K, capacity 21083K, committed 21248K, reserved 1067008K
  class space    used 2973K, capacity 3205K, committed 3328K, reserved 1048576K
}
Event: 2.215 GC heap after
{Heap after GC invocations=3 (full 0):
 garbage-first heap   total 262144K, used 44784K [0x0000000080000000, 0x0000000100000000)
  region size 1024K, 14 young (14336K), 14 survivors (14336K)
 Metaspace       used 20399K, capacity 21083K, committed 21248K, reserved 1067008K
  class space    used 2973K, capacity 3205K, committed 3328K, reserved 1048576K
}
Event: 3.408 GC heap before
{Heap before GC invocations=4 (full 0):
 garbage-first heap   total 157696K, used 126704K [0x0000000080000000, 0x0000000100000000)
  region size 1024K, 92 young (94208K), 14 survivors (14336K)
 Metaspace       used 31644K, capacity 32555K, committed 32640K, reserved 1077248K
  class space    used 4331K, capacity 4674K, committed 4736K, reserved 1048576K
}
Event: 3.419 GC heap after
{Heap after GC invocations=5 (full 0):
 garbage-first heap   total 157696K, used 51338K [0x0000000080000000, 0x0000000100000000)
  region size 1024K, 7 young (7168K), 7 survivors (7168K)
 Metaspace       used 31644K, capacity 32555K, committed 32640K, reserved 1077248K
  class space    used 4331K, capacity 4674K, committed 4736K, reserved 1048576K
}
Event: 3.797 GC heap before
{Heap before GC invocations=5 (full 0):
 garbage-first heap   total 157696K, used 93322K [0x0000000080000000, 0x0000000100000000)
  region size 1024K, 49 young (50176K), 7 survivors (7168K)
 Metaspace       used 34702K, capacity 35710K, committed 35840K, reserved 1079296K
  class space    used 4803K, capacity 5165K, committed 5248K, reserved 1048576K
}
Event: 3.802 GC heap after
{Heap after GC invocations=6 (full 0):
 garbage-first heap   total 157696K, used 55071K [0x0000000080000000, 0x0000000100000000)
  region size 1024K, 4 young (4096K), 4 survivors (4096K)
 Metaspace       used 34702K, capacity 35710K, committed 35840K, reserved 1079296K
  class space    used 4803K, capacity 5165K, committed 5248K, reserved 1048576K
}
Event: 4.491 GC heap before
{Heap before GC invocations=7 (full 0):
 garbage-first heap   total 157696K, used 124703K [0x0000000080000000, 0x0000000100000000)
  region size 1024K, 67 young (68608K), 4 survivors (4096K)
 Metaspace       used 41910K, capacity 43343K, committed 43596K, reserved 1087488K
  class space    used 5741K, capacity 6196K, committed 6272K, reserved 1048576K
}
Event: 4.496 GC heap after
{Heap after GC invocations=8 (full 0):
 garbage-first heap   total 157696K, used 67577K [0x0000000080000000, 0x0000000100000000)
  region size 1024K, 9 young (9216K), 9 survivors (9216K)
 Metaspace       used 41910K, capacity 43343K, committed 43596K, reserved 1087488K
  class space    used 5741K, capacity 6196K, committed 6272K, reserved 1048576K
}
Event: 4.960 GC heap before
{Heap before GC invocations=8 (full 0):
 garbage-first heap   total 157696K, used 121849K [0x0000000080000000, 0x0000000100000000)
  region size 1024K, 62 young (63488K), 9 survivors (9216K)
 Metaspace       used 48039K, capacity 49496K, committed 49740K, reserved 1091584K
  class space    used 6511K, capacity 6987K, committed 7040K, reserved 1048576K
}
Event: 4.967 GC heap after
{Heap after GC invocations=9 (full 0):
 garbage-first heap   total 157696K, used 72601K [0x0000000080000000, 0x0000000100000000)
  region size 1024K, 5 young (5120K), 5 survivors (5120K)
 Metaspace       used 48039K, capacity 49496K, committed 49740K, reserved 1091584K
  class space    used 6511K, capacity 6987K, committed 7040K, reserved 1048576K
}
Event: 5.699 GC heap before
{Heap before GC invocations=9 (full 0):
 garbage-first heap   total 157696K, used 123801K [0x0000000080000000, 0x0000000100000000)
  region size 1024K, 55 young (56320K), 5 survivors (5120K)
 Metaspace       used 54415K, capacity 56032K, committed 56396K, reserved 1097728K
  class space    used 7366K, capacity 7939K, committed 8064K, reserved 1048576K
}
Event: 5.706 GC heap after
{Heap after GC invocations=10 (full 0):
 garbage-first heap   total 157696K, used 76539K [0x0000000080000000, 0x0000000100000000)
  region size 1024K, 5 young (5120K), 5 survivors (5120K)
 Metaspace       used 54415K, capacity 56032K, committed 56396K, reserved 1097728K
  class space    used 7366K, capacity 7939K, committed 8064K, reserved 1048576K
}
Event: 6.056 GC heap before
{Heap before GC invocations=10 (full 0):
 garbage-first heap   total 157696K, used 97019K [0x0000000080000000, 0x0000000100000000)
  region size 1024K, 26 young (26624K), 5 survivors (5120K)
 Metaspace       used 56759K, capacity 58396K, committed 58444K, reserved 1099776K
  class space    used 7716K, capacity 8294K, committed 8320K, reserved 1048576K
}
Event: 6.064 GC heap after
{Heap after GC invocations=11 (full 0):
 garbage-first heap   total 157696K, used 78050K [0x0000000080000000, 0x0000000100000000)
  region size 1024K, 2 young (2048K), 2 survivors (2048K)
 Metaspace       used 56759K, capacity 58396K, committed 58444K, reserved 1099776K
  class space    used 7716K, capacity 8294K, committed 8320K, reserved 1048576K
}
Event: 6.837 GC heap before
{Heap before GC invocations=12 (full 0):
 garbage-first heap   total 173056K, used 147682K [0x0000000080000000, 0x0000000100000000)
  region size 1024K, 49 young (50176K), 2 survivors (2048K)
 Metaspace       used 60062K, capacity 61905K, committed 62028K, reserved 1101824K
  class space    used 8122K, capacity 8722K, committed 8832K, reserved 1048576K
}
Event: 6.847 GC heap after
{Heap after GC invocations=13 (full 0):
 garbage-first heap   total 173056K, used 107354K [0x0000000080000000, 0x0000000100000000)
  region size 1024K, 7 young (7168K), 7 survivors (7168K)
 Metaspace       used 60062K, capacity 61905K, committed 62028K, reserved 1101824K
  class space    used 8122K, capacity 8722K, committed 8832K, reserved 1048576K
}
Event: 6.857 GC heap before
{Heap before GC invocations=13 (full 0):
 garbage-first heap   total 173056K, used 108378K [0x0000000080000000, 0x0000000100000000)
  region size 1024K, 10 young (10240K), 7 survivors (7168K)
 Metaspace       used 60291K, capacity 62097K, committed 62284K, reserved 1103872K
  class space    used 8138K, capacity 8722K, committed 8832K, reserved 1048576K
}
Event: 6.862 GC heap after
{Heap after GC invocations=14 (full 0):
 garbage-first heap   total 173056K, used 108044K [0x0000000080000000, 0x0000000100000000)
  region size 1024K, 1 young (1024K), 1 survivors (1024K)
 Metaspace       used 60291K, capacity 62097K, committed 62284K, reserved 1103872K
  class space    used 8138K, capacity 8722K, committed 8832K, reserved 1048576K
}
Event: 7.588 GC heap before
{Heap before GC invocations=15 (full 0):
 garbage-first heap   total 186368K, used 145932K [0x0000000080000000, 0x0000000100000000)
  region size 1024K, 37 young (37888K), 1 survivors (1024K)
 Metaspace       used 64912K, capacity 66823K, committed 67020K, reserved 1107968K
  class space    used 8733K, capacity 9350K, committed 9472K, reserved 1048576K
}
Event: 7.590 GC heap after
{Heap after GC invocations=16 (full 0):
 garbage-first heap   total 186368K, used 108460K [0x0000000080000000, 0x0000000100000000)
  region size 1024K, 2 young (2048K), 2 survivors (2048K)
 Metaspace       used 64912K, capacity 66823K, committed 67020K, reserved 1107968K
  class space    used 8733K, capacity 9350K, committed 9472K, reserved 1048576K
}

